<?xml version="1.0" encoding="UTF-8"?>
<testsuite name="edu.jsu.mcis.TicTacToeModelTest" tests="12" skipped="0" failures="0" errors="0" timestamp="2017-09-25T17:40:13" hostname="DESKTOP-P4BTVJ4" time="0.01">
  <properties/>
  <testcase name="testGameIsWonByXDiagonallyFromTopLeftToBottomRight" classname="edu.jsu.mcis.TicTacToeModelTest" time="0.005"/>
  <testcase name="testGameIsOverByTieIfAllLocationsAreFilled" classname="edu.jsu.mcis.TicTacToeModelTest" time="0.0"/>
  <testcase name="testGameIsWonByOWithFirstCol" classname="edu.jsu.mcis.TicTacToeModelTest" time="0.0"/>
  <testcase name="testGameIsWonByXHorizontallyAcrossTopRow" classname="edu.jsu.mcis.TicTacToeModelTest" time="0.0"/>
  <testcase name="testOutOfBoundsMark" classname="edu.jsu.mcis.TicTacToeModelTest" time="0.0"/>
  <testcase name="testMarkXInUpperRightCorner" classname="edu.jsu.mcis.TicTacToeModelTest" time="0.0"/>
  <testcase name="testGameisWonByODiagonallyFromBottomLeftToTopRight" classname="edu.jsu.mcis.TicTacToeModelTest" time="0.0"/>
  <testcase name="testMarkOInBottomLeftCorner" classname="edu.jsu.mcis.TicTacToeModelTest" time="0.0"/>
  <testcase name="testInitialBoardIsEmpty" classname="edu.jsu.mcis.TicTacToeModelTest" time="0.0"/>
  <testcase name="testXWinDiagonallyFromTopLeftToBottomRightOn5x5Board" classname="edu.jsu.mcis.TicTacToeModelTest" time="0.001"/>
  <testcase name="testGameIsNotOverAfterTheFirstMark" classname="edu.jsu.mcis.TicTacToeModelTest" time="0.001"/>
  <testcase name="testUnableToMarkOverExistingMark" classname="edu.jsu.mcis.TicTacToeModelTest" time="0.0"/>
  <system-out><![CDATA[]]></system-out>
  <system-err><![CDATA[]]></system-err>
</testsuite>
